<?xml version="1.0" encoding="UTF-8"?>
<testsuite name="User Registration" tests="3" skipped="0" failures="0" errors="0" timestamp="2024-12-03T18:18:40" hostname="KALYANI" time="3.788">
  <properties/>
  <testcase name="Successfull Registration" classname="User Registration" time="1.249"/>
  <testcase name="Regisration With Existing User" classname="User Registration" time="1.329"/>
  <testcase name="Regisration with Invalid User" classname="User Registration" time="1.21"/>
  <system-out><![CDATA[
Scenario: Successfull Registration        # src/test/resources/Funtionaltest/QTripRegister.feature:8
  Given Valid Username and Password       # cucumberapi.stepDefinitions.Steps.valid_username_and_password()
  When The Post request send with endoint # cucumberapi.stepDefinitions.Steps.the_post_request_send_with_endoint()
Email already exist
  Then Validate Statuscode                # cucumberapi.stepDefinitions.Steps.validate_statuscode()
{"success":false,"message":"Email already exists"}
io.restassured.internal.RestAssuredResponseImpl@53dd42d6
  And Validate Response Body values       # cucumberapi.stepDefinitions.Steps.validate_response_body_values()

Scenario: Regisration With Existing User  # src/test/resources/Funtionaltest/QTripRegister.feature:14
  Given User enter  Username and Password # cucumberapi.stepDefinitions.Steps.user_enter_username_and_password(io.cucumber.datatable.DataTable)
    | email                 | password  | confirmpassword |
    | kalyani2325@gmail.com | Test@2325 | Test@2325       |
    | TOOLSQA.COM           | Test@@123 | Test@@123       |
  When The Post request send with endoint # cucumberapi.stepDefinitions.Steps.the_post_request_send_with_endoint()
Email already exist
  Then Validate Statuscode                # cucumberapi.stepDefinitions.Steps.validate_statuscode()
{"success":false,"message":"Email already exists"}
io.restassured.internal.RestAssuredResponseImpl@6c951ada
  And Validate Response Body values       # cucumberapi.stepDefinitions.Steps.validate_response_body_values()

Scenario: Regisration with Invalid User   # src/test/resources/Funtionaltest/QTripRegister.feature:23
  Given User enter  Username and Password # cucumberapi.stepDefinitions.Steps.user_enter_username_and_password(io.cucumber.datatable.DataTable)
    | email                 | password | confirmpassword |
    | kalyani2325@gmail.com | Test@232 | Test@232        |
  When The Post request send with endoint # cucumberapi.stepDefinitions.Steps.the_post_request_send_with_endoint()
Email already exist
  Then Validate Statuscode                # cucumberapi.stepDefinitions.Steps.validate_statuscode()
{"success":false,"message":"Email already exists"}
io.restassured.internal.RestAssuredResponseImpl@6075b369
  And Validate Response Body values       # cucumberapi.stepDefinitions.Steps.validate_response_body_values()
]]></system-out>
  <system-err><![CDATA[]]></system-err>
</testsuite>
