<?xml version="1.0" encoding="UTF-8"?>
<testsuite name="Test Cities displayed on Search" tests="1" skipped="0" failures="0" errors="0" timestamp="2024-12-02T21:04:29" hostname="KALYANI" time="3.523">
  <properties/>
  <testcase name="Test correct cities are displayed" classname="Test Cities displayed on Search" time="3.523"/>
  <system-out><![CDATA[
Scenario: Test correct cities are displayed # src/test/resources/Funtionaltest/QTripCities.feature:5
  Given Setup Base URl                      # cucumberapi.stepDefinitions.Steps.setup_base_u_rl()
  When Send the Get request with endpoint   # cucumberapi.stepDefinitions.Steps.send_the_get_request_with_endpoint()
200
  Then Validate Response Statucode          # cucumberapi.stepDefinitions.Steps.validate_response_statucode()
City is Bengaluru and description is 100+ Places
  And Validate Response body details        # cucumberapi.stepDefinitions.Steps.validate_response_body_details()
]]></system-out>
  <system-err><![CDATA[]]></system-err>
</testsuite>
