<?xml version="1.0" encoding="UTF-8"?>
<testsuite name="Book New Reservation for Adventure" tests="1" skipped="0" failures="0" errors="0" timestamp="2024-12-02T21:04:41" hostname="KALYANI" time="2.231">
  <properties/>
  <testcase name="Test the Reservation Functionality" classname="Book New Reservation for Adventure" time="2.231"/>
  <system-out><![CDATA[
Scenario: Test the Reservation Functionality   # src/test/resources/Funtionaltest/QTripReservation.feature:7
  Given Enter Required details for Reservation # cucumberapi.stepDefinitions.Steps.enter_required_details_for_reservation()
  When Send Post Request with Valid Endpoint   # cucumberapi.stepDefinitions.Steps.send_post_request_with_valid_endpoint()
{"success":true,"data":{"token":"eyJhbGciOiJIUzI1NiIsInR5cCI6IkpXVCJ9.eyJlbWFpbCI6ImthbHlhbmkyMzI1QGdtYWlsLmNvbSIsImlhdCI6MTczMzE3MzQ4NiwiZXhwIjoxNzMzMTk1MDg2fQ.2UcK31zLzHhtQvRqRD81c-HzIhd6t8AFe3WbIJhX8wQ","id":"vBI3fX1uJHF0OQ7z"}}
201
  Then Validate Statucode Should be 201        # cucumberapi.stepDefinitions.Steps.validate_statucode_should_be(java.lang.Integer)
{
    "success": true,
    "data": {
        "token": "eyJhbGciOiJIUzI1NiIsInR5cCI6IkpXVCJ9.eyJlbWFpbCI6ImthbHlhbmkyMzI1QGdtYWlsLmNvbSIsImlhdCI6MTczMzE3MzQ4NiwiZXhwIjoxNzMzMTk1MDg2fQ.2UcK31zLzHhtQvRqRD81c-HzIhd6t8AFe3WbIJhX8wQ",
        "id": "vBI3fX1uJHF0OQ7z"
    }
}
  And Validate Successfull Response body       # cucumberapi.stepDefinitions.Steps.validate_successfull_response_body()
]]></system-out>
  <system-err><![CDATA[]]></system-err>
</testsuite>
