<?xml version="1.0" encoding="UTF-8"?>
<testsuite name="QTripUITestwithTestNg.BrowserHandling" tests="1" skipped="0" failures="0" errors="0" timestamp="2024-12-03T19:23:29" hostname="KALYANI" time="33.166">
  <properties/>
  <testcase name="BrowserWindowHandles" classname="QTripUITestwithTestNg.BrowserHandling" time="33.166"/>
  <system-out><![CDATA[]]></system-out>
  <system-err><![CDATA[]]></system-err>
</testsuite>
