<?xml version="1.0" encoding="UTF-8"?>
<testsuite name="QTripUITestwithTestNg.LoginTest" tests="1" skipped="0" failures="0" errors="0" timestamp="2024-12-04T19:22:30" hostname="KALYANI" time="4.817">
  <properties/>
  <testcase name="setup" classname="QTripUITestwithTestNg.LoginTest" time="4.817"/>
  <system-out><![CDATA[properties loaded succesfully
]]></system-out>
  <system-err><![CDATA[]]></system-err>
</testsuite>
